2021-11-10 12:13:12,640 INFO org.springframework.boot.StartupInfoLogger [restartedMain] Starting HomeGymApplication using Java 11.0.12 on DESKTOP-625TCL5 with PID 5832 (C:\Users\user\Downloads\1107\HomeGym_SpringBoot-main\target\classes started by user in C:\Users\user\Downloads\1107\HomeGym_SpringBoot-main)
2021-11-10 12:13:12,672 INFO org.springframework.boot.SpringApplication [restartedMain] No active profile set, falling back to default profiles: default
2021-11-10 12:13:12,734 INFO org.springframework.boot.logging.DeferredLog [restartedMain] Devtools property defaults active! Set 'spring.devtools.add-properties' to 'false' to disable
2021-11-10 12:13:12,750 INFO org.springframework.boot.logging.DeferredLog [restartedMain] For additional web related logging consider setting the 'logging.level.web' property to 'DEBUG'
2021-11-10 12:13:14,172 INFO org.springframework.data.repository.config.RepositoryConfigurationDelegate [restartedMain] Bootstrapping Spring Data JPA repositories in DEFAULT mode.
2021-11-10 12:13:14,281 INFO org.springframework.data.repository.config.RepositoryConfigurationDelegate [restartedMain] Finished Spring Data repository scanning in 96 ms. Found 3 JPA repository interfaces.
2021-11-10 12:13:14,812 INFO org.springframework.context.support.PostProcessorRegistrationDelegate$BeanPostProcessorChecker [restartedMain] Bean 'org.springframework.security.access.expression.method.DefaultMethodSecurityExpressionHandler@5a8397d4' of type [org.springframework.security.access.expression.method.DefaultMethodSecurityExpressionHandler] is not eligible for getting processed by all BeanPostProcessors (for example: not eligible for auto-proxying)
2021-11-10 12:13:14,812 INFO org.springframework.context.support.PostProcessorRegistrationDelegate$BeanPostProcessorChecker [restartedMain] Bean 'methodSecurityMetadataSource' of type [org.springframework.security.access.method.DelegatingMethodSecurityMetadataSource] is not eligible for getting processed by all BeanPostProcessors (for example: not eligible for auto-proxying)
2021-11-10 12:13:15,343 INFO org.springframework.boot.web.embedded.tomcat.TomcatWebServer [restartedMain] Tomcat initialized with port(s): 8080 (http)
2021-11-10 12:13:15,343 INFO org.apache.juli.logging.DirectJDKLog [restartedMain] Initializing ProtocolHandler ["http-nio-8080"]
2021-11-10 12:13:15,343 INFO org.apache.juli.logging.DirectJDKLog [restartedMain] Starting service [Tomcat]
2021-11-10 12:13:15,359 INFO org.apache.juli.logging.DirectJDKLog [restartedMain] Starting Servlet engine: [Apache Tomcat/9.0.53]
2021-11-10 12:13:15,500 INFO org.apache.juli.logging.DirectJDKLog [restartedMain] Initializing Spring embedded WebApplicationContext
2021-11-10 12:13:15,500 INFO org.springframework.boot.web.servlet.context.ServletWebServerApplicationContext [restartedMain] Root WebApplicationContext: initialization completed in 2719 ms
2021-11-10 12:13:16,265 INFO com.zaxxer.hikari.HikariDataSource [restartedMain] HikariPool-1 - Starting...
2021-11-10 12:13:16,796 INFO com.zaxxer.hikari.HikariDataSource [restartedMain] HikariPool-1 - Start completed.
2021-11-10 12:13:18,656 INFO org.springframework.orm.jpa.AbstractEntityManagerFactoryBean [restartedMain] Initialized JPA EntityManagerFactory for persistence unit 'default'
2021-11-10 12:13:19,515 INFO org.springframework.orm.jpa.AbstractEntityManagerFactoryBean [restartedMain] Closing JPA EntityManagerFactory for persistence unit 'default'
2021-11-10 12:13:19,515 INFO com.zaxxer.hikari.HikariDataSource [restartedMain] HikariPool-1 - Shutdown initiated...
2021-11-10 12:13:19,531 INFO com.zaxxer.hikari.HikariDataSource [restartedMain] HikariPool-1 - Shutdown completed.
2021-11-10 12:13:19,531 INFO org.apache.juli.logging.DirectJDKLog [restartedMain] Stopping service [Tomcat]
2021-11-10 12:13:19,546 INFO org.springframework.boot.autoconfigure.logging.ConditionEvaluationReportLoggingListener [restartedMain] 

Error starting ApplicationContext. To display the conditions report re-run your application with 'debug' enabled.
2021-11-10 17:18:24,875 INFO org.springframework.test.context.support.AbstractTestContextBootstrapper [main] Neither @ContextConfiguration nor @ContextHierarchy found for test class [edu.ntut.project_01.homegym.HomeGymApplicationTests], using SpringBootContextLoader
2021-11-10 17:18:24,906 INFO org.springframework.test.context.support.AbstractContextLoader [main] Could not detect default resource locations for test class [edu.ntut.project_01.homegym.HomeGymApplicationTests]: no resource found for suffixes {-context.xml, Context.groovy}.
2021-11-10 17:18:24,906 INFO org.springframework.test.context.support.AnnotationConfigContextLoaderUtils [main] Could not detect default configuration classes for test class [edu.ntut.project_01.homegym.HomeGymApplicationTests]: HomeGymApplicationTests does not declare any static, non-private, non-final, nested classes annotated with @Configuration.
2021-11-10 17:18:25,469 INFO org.springframework.boot.test.context.SpringBootTestContextBootstrapper [main] Found @SpringBootConfiguration edu.ntut.project_01.homegym.HomeGymApplication for test class edu.ntut.project_01.homegym.HomeGymApplicationTests
2021-11-10 17:18:25,672 INFO org.springframework.test.context.support.AbstractTestContextBootstrapper [main] Loaded default TestExecutionListener class names from location [META-INF/spring.factories]: [org.springframework.boot.test.mock.mockito.MockitoTestExecutionListener, org.springframework.boot.test.mock.mockito.ResetMocksTestExecutionListener, org.springframework.boot.test.autoconfigure.restdocs.RestDocsTestExecutionListener, org.springframework.boot.test.autoconfigure.web.client.MockRestServiceServerResetTestExecutionListener, org.springframework.boot.test.autoconfigure.web.servlet.MockMvcPrintOnlyOnFailureTestExecutionListener, org.springframework.boot.test.autoconfigure.web.servlet.WebDriverTestExecutionListener, org.springframework.boot.test.autoconfigure.webservices.client.MockWebServiceServerTestExecutionListener, org.springframework.test.context.web.ServletTestExecutionListener, org.springframework.test.context.support.DirtiesContextBeforeModesTestExecutionListener, org.springframework.test.context.event.ApplicationEventsTestExecutionListener, org.springframework.test.context.support.DependencyInjectionTestExecutionListener, org.springframework.test.context.support.DirtiesContextTestExecutionListener, org.springframework.test.context.transaction.TransactionalTestExecutionListener, org.springframework.test.context.jdbc.SqlScriptsTestExecutionListener, org.springframework.test.context.event.EventPublishingTestExecutionListener]
2021-11-10 17:18:25,734 INFO org.springframework.test.context.support.AbstractTestContextBootstrapper [main] Using TestExecutionListeners: [org.springframework.test.context.web.ServletTestExecutionListener@35ff8fc9, org.springframework.test.context.support.DirtiesContextBeforeModesTestExecutionListener@5fb7183b, org.springframework.test.context.event.ApplicationEventsTestExecutionListener@476a736d, org.springframework.boot.test.mock.mockito.MockitoTestExecutionListener@5f80fa43, org.springframework.boot.test.autoconfigure.SpringBootDependencyInjectionTestExecutionListener@16c8b7bd, org.springframework.test.context.support.DirtiesContextTestExecutionListener@7159139f, org.springframework.test.context.transaction.TransactionalTestExecutionListener@65bcf7c2, org.springframework.test.context.jdbc.SqlScriptsTestExecutionListener@3db64bd4, org.springframework.test.context.event.EventPublishingTestExecutionListener@6e106680, org.springframework.boot.test.mock.mockito.ResetMocksTestExecutionListener@576c5536, org.springframework.boot.test.autoconfigure.restdocs.RestDocsTestExecutionListener@55ecbafe, org.springframework.boot.test.autoconfigure.web.client.MockRestServiceServerResetTestExecutionListener@5a8ba37c, org.springframework.boot.test.autoconfigure.web.servlet.MockMvcPrintOnlyOnFailureTestExecutionListener@37c2eacb, org.springframework.boot.test.autoconfigure.web.servlet.WebDriverTestExecutionListener@232cce0, org.springframework.boot.test.autoconfigure.webservices.client.MockWebServiceServerTestExecutionListener@32b9bd12]
2021-11-10 17:18:26,875 INFO org.springframework.boot.StartupInfoLogger [main] Starting HomeGymApplicationTests using Java 11.0.12 on DESKTOP-625TCL5 with PID 10752 (started by user in C:\Users\user\Downloads\1107\HomeGym_SpringBoot-main)
2021-11-10 17:18:26,891 INFO org.springframework.boot.SpringApplication [main] No active profile set, falling back to default profiles: default
2021-11-10 17:18:29,381 INFO org.springframework.data.repository.config.RepositoryConfigurationDelegate [main] Bootstrapping Spring Data JPA repositories in DEFAULT mode.
2021-11-10 17:18:29,537 INFO org.springframework.data.repository.config.RepositoryConfigurationDelegate [main] Finished Spring Data repository scanning in 145 ms. Found 3 JPA repository interfaces.
2021-11-10 17:18:30,474 INFO org.springframework.context.support.PostProcessorRegistrationDelegate$BeanPostProcessorChecker [main] Bean 'org.springframework.security.access.expression.method.DefaultMethodSecurityExpressionHandler@6b4a4e40' of type [org.springframework.security.access.expression.method.DefaultMethodSecurityExpressionHandler] is not eligible for getting processed by all BeanPostProcessors (for example: not eligible for auto-proxying)
2021-11-10 17:18:30,490 INFO org.springframework.context.support.PostProcessorRegistrationDelegate$BeanPostProcessorChecker [main] Bean 'methodSecurityMetadataSource' of type [org.springframework.security.access.method.DelegatingMethodSecurityMetadataSource] is not eligible for getting processed by all BeanPostProcessors (for example: not eligible for auto-proxying)
2021-11-10 17:18:31,724 INFO org.springframework.boot.web.embedded.tomcat.TomcatWebServer [main] Tomcat initialized with port(s): 0 (http)
2021-11-10 17:18:31,912 INFO org.apache.juli.logging.DirectJDKLog [main] Initializing ProtocolHandler ["http-nio-auto-1"]
2021-11-10 17:18:31,912 INFO org.apache.juli.logging.DirectJDKLog [main] Starting service [Tomcat]
2021-11-10 17:18:31,912 INFO org.apache.juli.logging.DirectJDKLog [main] Starting Servlet engine: [Apache Tomcat/9.0.53]
2021-11-10 17:18:32,193 INFO org.apache.juli.logging.DirectJDKLog [main] Initializing Spring embedded WebApplicationContext
2021-11-10 17:18:32,193 INFO org.springframework.boot.web.servlet.context.ServletWebServerApplicationContext [main] Root WebApplicationContext: initialization completed in 5177 ms
2021-11-10 17:18:33,912 INFO com.zaxxer.hikari.HikariDataSource [main] HikariPool-1 - Starting...
2021-11-10 17:18:35,005 INFO com.zaxxer.hikari.HikariDataSource [main] HikariPool-1 - Start completed.
2021-11-10 17:18:38,739 INFO org.springframework.orm.jpa.AbstractEntityManagerFactoryBean [main] Initialized JPA EntityManagerFactory for persistence unit 'default'
2021-11-10 17:18:40,224 INFO org.springframework.orm.jpa.AbstractEntityManagerFactoryBean [main] Closing JPA EntityManagerFactory for persistence unit 'default'
2021-11-10 17:18:40,224 INFO com.zaxxer.hikari.HikariDataSource [main] HikariPool-1 - Shutdown initiated...
2021-11-10 17:18:40,255 INFO com.zaxxer.hikari.HikariDataSource [main] HikariPool-1 - Shutdown completed.
2021-11-10 17:18:40,255 INFO org.apache.juli.logging.DirectJDKLog [main] Stopping service [Tomcat]
2021-11-10 17:18:40,286 INFO org.springframework.boot.autoconfigure.logging.ConditionEvaluationReportLoggingListener [main] 

Error starting ApplicationContext. To display the conditions report re-run your application with 'debug' enabled.
2021-11-10 17:18:41,005 INFO org.springframework.boot.StartupInfoLogger [main] Starting HomeGymApplicationTests using Java 11.0.12 on DESKTOP-625TCL5 with PID 10752 (started by user in C:\Users\user\Downloads\1107\HomeGym_SpringBoot-main)
2021-11-10 17:18:41,036 INFO org.springframework.boot.SpringApplication [main] No active profile set, falling back to default profiles: default
2021-11-10 17:18:42,032 INFO org.springframework.data.repository.config.RepositoryConfigurationDelegate [main] Bootstrapping Spring Data JPA repositories in DEFAULT mode.
2021-11-10 17:18:42,111 INFO org.springframework.data.repository.config.RepositoryConfigurationDelegate [main] Finished Spring Data repository scanning in 69 ms. Found 3 JPA repository interfaces.
2021-11-10 17:18:42,340 INFO org.springframework.context.support.PostProcessorRegistrationDelegate$BeanPostProcessorChecker [main] Bean 'org.springframework.security.access.expression.method.DefaultMethodSecurityExpressionHandler@5ab0168' of type [org.springframework.security.access.expression.method.DefaultMethodSecurityExpressionHandler] is not eligible for getting processed by all BeanPostProcessors (for example: not eligible for auto-proxying)
2021-11-10 17:18:42,387 INFO org.springframework.context.support.PostProcessorRegistrationDelegate$BeanPostProcessorChecker [main] Bean 'methodSecurityMetadataSource' of type [org.springframework.security.access.method.DelegatingMethodSecurityMetadataSource] is not eligible for getting processed by all BeanPostProcessors (for example: not eligible for auto-proxying)
2021-11-10 17:18:42,605 INFO org.springframework.boot.web.embedded.tomcat.TomcatWebServer [main] Tomcat initialized with port(s): 0 (http)
2021-11-10 17:18:42,605 INFO org.apache.juli.logging.DirectJDKLog [main] Initializing ProtocolHandler ["http-nio-auto-2"]
2021-11-10 17:18:42,621 INFO org.apache.juli.logging.DirectJDKLog [main] Starting service [Tomcat]
2021-11-10 17:18:42,637 INFO org.apache.juli.logging.DirectJDKLog [main] Starting Servlet engine: [Apache Tomcat/9.0.53]
2021-11-10 17:18:42,715 INFO org.apache.juli.logging.DirectJDKLog [main] Initializing Spring embedded WebApplicationContext
2021-11-10 17:18:42,715 INFO org.springframework.boot.web.servlet.context.ServletWebServerApplicationContext [main] Root WebApplicationContext: initialization completed in 1679 ms
2021-11-10 17:18:43,137 INFO com.zaxxer.hikari.HikariDataSource [main] HikariPool-2 - Starting...
2021-11-10 17:18:43,183 INFO com.zaxxer.hikari.HikariDataSource [main] HikariPool-2 - Start completed.
2021-11-10 17:18:44,293 INFO org.springframework.orm.jpa.AbstractEntityManagerFactoryBean [main] Initialized JPA EntityManagerFactory for persistence unit 'default'
2021-11-10 17:18:44,746 INFO org.springframework.orm.jpa.AbstractEntityManagerFactoryBean [main] Closing JPA EntityManagerFactory for persistence unit 'default'
2021-11-10 17:18:44,761 INFO com.zaxxer.hikari.HikariDataSource [main] HikariPool-2 - Shutdown initiated...
2021-11-10 17:18:44,793 INFO com.zaxxer.hikari.HikariDataSource [main] HikariPool-2 - Shutdown completed.
2021-11-10 17:18:44,793 INFO org.apache.juli.logging.DirectJDKLog [main] Stopping service [Tomcat]
2021-11-10 17:18:44,793 INFO org.springframework.boot.autoconfigure.logging.ConditionEvaluationReportLoggingListener [main] 

Error starting ApplicationContext. To display the conditions report re-run your application with 'debug' enabled.
2021-11-10 17:23:33,117 INFO org.springframework.test.context.support.AbstractTestContextBootstrapper [main] Neither @ContextConfiguration nor @ContextHierarchy found for test class [edu.ntut.project_01.homegym.HomeGymApplicationTests], using SpringBootContextLoader
2021-11-10 17:23:33,133 INFO org.springframework.test.context.support.AbstractContextLoader [main] Could not detect default resource locations for test class [edu.ntut.project_01.homegym.HomeGymApplicationTests]: no resource found for suffixes {-context.xml, Context.groovy}.
2021-11-10 17:23:33,133 INFO org.springframework.test.context.support.AnnotationConfigContextLoaderUtils [main] Could not detect default configuration classes for test class [edu.ntut.project_01.homegym.HomeGymApplicationTests]: HomeGymApplicationTests does not declare any static, non-private, non-final, nested classes annotated with @Configuration.
2021-11-10 17:23:33,367 INFO org.springframework.boot.test.context.SpringBootTestContextBootstrapper [main] Found @SpringBootConfiguration edu.ntut.project_01.homegym.HomeGymApplication for test class edu.ntut.project_01.homegym.HomeGymApplicationTests
2021-11-10 17:23:33,539 INFO org.springframework.test.context.support.AbstractTestContextBootstrapper [main] Loaded default TestExecutionListener class names from location [META-INF/spring.factories]: [org.springframework.boot.test.mock.mockito.MockitoTestExecutionListener, org.springframework.boot.test.mock.mockito.ResetMocksTestExecutionListener, org.springframework.boot.test.autoconfigure.restdocs.RestDocsTestExecutionListener, org.springframework.boot.test.autoconfigure.web.client.MockRestServiceServerResetTestExecutionListener, org.springframework.boot.test.autoconfigure.web.servlet.MockMvcPrintOnlyOnFailureTestExecutionListener, org.springframework.boot.test.autoconfigure.web.servlet.WebDriverTestExecutionListener, org.springframework.boot.test.autoconfigure.webservices.client.MockWebServiceServerTestExecutionListener, org.springframework.test.context.web.ServletTestExecutionListener, org.springframework.test.context.support.DirtiesContextBeforeModesTestExecutionListener, org.springframework.test.context.event.ApplicationEventsTestExecutionListener, org.springframework.test.context.support.DependencyInjectionTestExecutionListener, org.springframework.test.context.support.DirtiesContextTestExecutionListener, org.springframework.test.context.transaction.TransactionalTestExecutionListener, org.springframework.test.context.jdbc.SqlScriptsTestExecutionListener, org.springframework.test.context.event.EventPublishingTestExecutionListener]
2021-11-10 17:23:33,586 INFO org.springframework.test.context.support.AbstractTestContextBootstrapper [main] Using TestExecutionListeners: [org.springframework.test.context.web.ServletTestExecutionListener@3e7dfd44, org.springframework.test.context.support.DirtiesContextBeforeModesTestExecutionListener@723ed581, org.springframework.test.context.event.ApplicationEventsTestExecutionListener@6b760460, org.springframework.boot.test.mock.mockito.MockitoTestExecutionListener@796065aa, org.springframework.boot.test.autoconfigure.SpringBootDependencyInjectionTestExecutionListener@28a6301f, org.springframework.test.context.support.DirtiesContextTestExecutionListener@2c306a57, org.springframework.test.context.transaction.TransactionalTestExecutionListener@773e2eb5, org.springframework.test.context.jdbc.SqlScriptsTestExecutionListener@d8948cd, org.springframework.test.context.event.EventPublishingTestExecutionListener@1436a7ab, org.springframework.boot.test.mock.mockito.ResetMocksTestExecutionListener@3b7b05a8, org.springframework.boot.test.autoconfigure.restdocs.RestDocsTestExecutionListener@3d36dff4, org.springframework.boot.test.autoconfigure.web.client.MockRestServiceServerResetTestExecutionListener@7abe27bf, org.springframework.boot.test.autoconfigure.web.servlet.MockMvcPrintOnlyOnFailureTestExecutionListener@5b94ccbc, org.springframework.boot.test.autoconfigure.web.servlet.WebDriverTestExecutionListener@38a1c423, org.springframework.boot.test.autoconfigure.webservices.client.MockWebServiceServerTestExecutionListener@336365bc]
2021-11-10 17:23:34,695 INFO org.springframework.boot.StartupInfoLogger [main] Starting HomeGymApplicationTests using Java 11.0.12 on DESKTOP-625TCL5 with PID 2656 (started by user in C:\Users\user\Downloads\1107\HomeGym_SpringBoot-main)
2021-11-10 17:23:34,726 INFO org.springframework.boot.SpringApplication [main] No active profile set, falling back to default profiles: default
2021-11-10 17:23:37,414 INFO org.springframework.data.repository.config.RepositoryConfigurationDelegate [main] Bootstrapping Spring Data JPA repositories in DEFAULT mode.
2021-11-10 17:23:37,617 INFO org.springframework.data.repository.config.RepositoryConfigurationDelegate [main] Finished Spring Data repository scanning in 187 ms. Found 3 JPA repository interfaces.
2021-11-10 17:23:38,804 INFO org.springframework.context.support.PostProcessorRegistrationDelegate$BeanPostProcessorChecker [main] Bean 'org.springframework.security.access.expression.method.DefaultMethodSecurityExpressionHandler@14f060b8' of type [org.springframework.security.access.expression.method.DefaultMethodSecurityExpressionHandler] is not eligible for getting processed by all BeanPostProcessors (for example: not eligible for auto-proxying)
2021-11-10 17:23:38,851 INFO org.springframework.context.support.PostProcessorRegistrationDelegate$BeanPostProcessorChecker [main] Bean 'methodSecurityMetadataSource' of type [org.springframework.security.access.method.DelegatingMethodSecurityMetadataSource] is not eligible for getting processed by all BeanPostProcessors (for example: not eligible for auto-proxying)
2021-11-10 17:23:40,554 INFO org.springframework.boot.web.embedded.tomcat.TomcatWebServer [main] Tomcat initialized with port(s): 0 (http)
2021-11-10 17:23:40,585 INFO org.apache.juli.logging.DirectJDKLog [main] Initializing ProtocolHandler ["http-nio-auto-1"]
2021-11-10 17:23:40,585 INFO org.apache.juli.logging.DirectJDKLog [main] Starting service [Tomcat]
2021-11-10 17:23:40,585 INFO org.apache.juli.logging.DirectJDKLog [main] Starting Servlet engine: [Apache Tomcat/9.0.53]
2021-11-10 17:23:40,960 INFO org.apache.juli.logging.DirectJDKLog [main] Initializing Spring embedded WebApplicationContext
2021-11-10 17:23:40,960 INFO org.springframework.boot.web.servlet.context.ServletWebServerApplicationContext [main] Root WebApplicationContext: initialization completed in 6155 ms
2021-11-10 17:23:42,913 INFO com.zaxxer.hikari.HikariDataSource [main] HikariPool-1 - Starting...
2021-11-10 17:23:44,163 INFO com.zaxxer.hikari.HikariDataSource [main] HikariPool-1 - Start completed.
2021-11-10 17:23:47,616 INFO org.springframework.orm.jpa.AbstractEntityManagerFactoryBean [main] Initialized JPA EntityManagerFactory for persistence unit 'default'
2021-11-10 17:23:49,897 INFO org.springframework.orm.jpa.AbstractEntityManagerFactoryBean [main] Closing JPA EntityManagerFactory for persistence unit 'default'
2021-11-10 17:23:49,897 INFO com.zaxxer.hikari.HikariDataSource [main] HikariPool-1 - Shutdown initiated...
2021-11-10 17:23:49,944 INFO com.zaxxer.hikari.HikariDataSource [main] HikariPool-1 - Shutdown completed.
2021-11-10 17:23:49,960 INFO org.apache.juli.logging.DirectJDKLog [main] Stopping service [Tomcat]
2021-11-10 17:23:49,975 INFO org.springframework.boot.autoconfigure.logging.ConditionEvaluationReportLoggingListener [main] 

Error starting ApplicationContext. To display the conditions report re-run your application with 'debug' enabled.
2021-11-10 17:23:51,210 INFO org.springframework.boot.StartupInfoLogger [main] Starting HomeGymApplicationTests using Java 11.0.12 on DESKTOP-625TCL5 with PID 2656 (started by user in C:\Users\user\Downloads\1107\HomeGym_SpringBoot-main)
2021-11-10 17:23:51,210 INFO org.springframework.boot.SpringApplication [main] No active profile set, falling back to default profiles: default
2021-11-10 17:23:51,960 INFO org.springframework.data.repository.config.RepositoryConfigurationDelegate [main] Bootstrapping Spring Data JPA repositories in DEFAULT mode.
2021-11-10 17:23:52,053 INFO org.springframework.data.repository.config.RepositoryConfigurationDelegate [main] Finished Spring Data repository scanning in 100 ms. Found 3 JPA repository interfaces.
2021-11-10 17:23:52,366 INFO org.springframework.context.support.PostProcessorRegistrationDelegate$BeanPostProcessorChecker [main] Bean 'org.springframework.security.access.expression.method.DefaultMethodSecurityExpressionHandler@d20e900' of type [org.springframework.security.access.expression.method.DefaultMethodSecurityExpressionHandler] is not eligible for getting processed by all BeanPostProcessors (for example: not eligible for auto-proxying)
2021-11-10 17:23:52,381 INFO org.springframework.context.support.PostProcessorRegistrationDelegate$BeanPostProcessorChecker [main] Bean 'methodSecurityMetadataSource' of type [org.springframework.security.access.method.DelegatingMethodSecurityMetadataSource] is not eligible for getting processed by all BeanPostProcessors (for example: not eligible for auto-proxying)
2021-11-10 17:23:52,803 INFO org.springframework.boot.web.embedded.tomcat.TomcatWebServer [main] Tomcat initialized with port(s): 0 (http)
2021-11-10 17:23:52,803 INFO org.apache.juli.logging.DirectJDKLog [main] Initializing ProtocolHandler ["http-nio-auto-2"]
2021-11-10 17:23:52,803 INFO org.apache.juli.logging.DirectJDKLog [main] Starting service [Tomcat]
2021-11-10 17:23:52,803 INFO org.apache.juli.logging.DirectJDKLog [main] Starting Servlet engine: [Apache Tomcat/9.0.53]
2021-11-10 17:23:53,131 INFO org.apache.juli.logging.DirectJDKLog [main] Initializing Spring embedded WebApplicationContext
2021-11-10 17:23:53,131 INFO org.springframework.boot.web.servlet.context.ServletWebServerApplicationContext [main] Root WebApplicationContext: initialization completed in 1921 ms
2021-11-10 17:23:53,944 INFO com.zaxxer.hikari.HikariDataSource [main] HikariPool-2 - Starting...
2021-11-10 17:23:53,991 INFO com.zaxxer.hikari.HikariDataSource [main] HikariPool-2 - Start completed.
2021-11-10 17:23:55,491 INFO org.springframework.orm.jpa.AbstractEntityManagerFactoryBean [main] Initialized JPA EntityManagerFactory for persistence unit 'default'
2021-11-10 17:23:58,131 INFO org.springframework.orm.jpa.AbstractEntityManagerFactoryBean [main] Closing JPA EntityManagerFactory for persistence unit 'default'
2021-11-10 17:23:58,131 INFO com.zaxxer.hikari.HikariDataSource [main] HikariPool-2 - Shutdown initiated...
2021-11-10 17:23:58,365 INFO com.zaxxer.hikari.HikariDataSource [main] HikariPool-2 - Shutdown completed.
2021-11-10 17:23:58,381 INFO org.apache.juli.logging.DirectJDKLog [main] Stopping service [Tomcat]
2021-11-10 17:23:58,397 INFO org.springframework.boot.autoconfigure.logging.ConditionEvaluationReportLoggingListener [main] 

Error starting ApplicationContext. To display the conditions report re-run your application with 'debug' enabled.
2021-11-10 17:27:35,631 INFO org.springframework.test.context.support.AbstractTestContextBootstrapper [main] Neither @ContextConfiguration nor @ContextHierarchy found for test class [edu.ntut.project_01.homegym.HomeGymApplicationTests], using SpringBootContextLoader
2021-11-10 17:27:35,646 INFO org.springframework.test.context.support.AbstractContextLoader [main] Could not detect default resource locations for test class [edu.ntut.project_01.homegym.HomeGymApplicationTests]: no resource found for suffixes {-context.xml, Context.groovy}.
2021-11-10 17:27:35,646 INFO org.springframework.test.context.support.AnnotationConfigContextLoaderUtils [main] Could not detect default configuration classes for test class [edu.ntut.project_01.homegym.HomeGymApplicationTests]: HomeGymApplicationTests does not declare any static, non-private, non-final, nested classes annotated with @Configuration.
2021-11-10 17:27:35,896 INFO org.springframework.boot.test.context.SpringBootTestContextBootstrapper [main] Found @SpringBootConfiguration edu.ntut.project_01.homegym.HomeGymApplication for test class edu.ntut.project_01.homegym.HomeGymApplicationTests
2021-11-10 17:27:36,162 INFO org.springframework.test.context.support.AbstractTestContextBootstrapper [main] Loaded default TestExecutionListener class names from location [META-INF/spring.factories]: [org.springframework.boot.test.mock.mockito.MockitoTestExecutionListener, org.springframework.boot.test.mock.mockito.ResetMocksTestExecutionListener, org.springframework.boot.test.autoconfigure.restdocs.RestDocsTestExecutionListener, org.springframework.boot.test.autoconfigure.web.client.MockRestServiceServerResetTestExecutionListener, org.springframework.boot.test.autoconfigure.web.servlet.MockMvcPrintOnlyOnFailureTestExecutionListener, org.springframework.boot.test.autoconfigure.web.servlet.WebDriverTestExecutionListener, org.springframework.boot.test.autoconfigure.webservices.client.MockWebServiceServerTestExecutionListener, org.springframework.test.context.web.ServletTestExecutionListener, org.springframework.test.context.support.DirtiesContextBeforeModesTestExecutionListener, org.springframework.test.context.event.ApplicationEventsTestExecutionListener, org.springframework.test.context.support.DependencyInjectionTestExecutionListener, org.springframework.test.context.support.DirtiesContextTestExecutionListener, org.springframework.test.context.transaction.TransactionalTestExecutionListener, org.springframework.test.context.jdbc.SqlScriptsTestExecutionListener, org.springframework.test.context.event.EventPublishingTestExecutionListener]
2021-11-10 17:27:36,193 INFO org.springframework.test.context.support.AbstractTestContextBootstrapper [main] Using TestExecutionListeners: [org.springframework.test.context.web.ServletTestExecutionListener@3e7dfd44, org.springframework.test.context.support.DirtiesContextBeforeModesTestExecutionListener@723ed581, org.springframework.test.context.event.ApplicationEventsTestExecutionListener@6b760460, org.springframework.boot.test.mock.mockito.MockitoTestExecutionListener@796065aa, org.springframework.boot.test.autoconfigure.SpringBootDependencyInjectionTestExecutionListener@28a6301f, org.springframework.test.context.support.DirtiesContextTestExecutionListener@2c306a57, org.springframework.test.context.transaction.TransactionalTestExecutionListener@773e2eb5, org.springframework.test.context.jdbc.SqlScriptsTestExecutionListener@d8948cd, org.springframework.test.context.event.EventPublishingTestExecutionListener@1436a7ab, org.springframework.boot.test.mock.mockito.ResetMocksTestExecutionListener@3b7b05a8, org.springframework.boot.test.autoconfigure.restdocs.RestDocsTestExecutionListener@3d36dff4, org.springframework.boot.test.autoconfigure.web.client.MockRestServiceServerResetTestExecutionListener@7abe27bf, org.springframework.boot.test.autoconfigure.web.servlet.MockMvcPrintOnlyOnFailureTestExecutionListener@5b94ccbc, org.springframework.boot.test.autoconfigure.web.servlet.WebDriverTestExecutionListener@38a1c423, org.springframework.boot.test.autoconfigure.webservices.client.MockWebServiceServerTestExecutionListener@336365bc]
2021-11-10 17:27:37,412 INFO org.springframework.boot.StartupInfoLogger [main] Starting HomeGymApplicationTests using Java 11.0.12 on DESKTOP-625TCL5 with PID 9012 (started by user in C:\Users\user\Downloads\1107\HomeGym_SpringBoot-main)
2021-11-10 17:27:37,428 INFO org.springframework.boot.SpringApplication [main] No active profile set, falling back to default profiles: default
2021-11-10 17:27:40,271 INFO org.springframework.data.repository.config.RepositoryConfigurationDelegate [main] Bootstrapping Spring Data JPA repositories in DEFAULT mode.
2021-11-10 17:27:40,459 INFO org.springframework.data.repository.config.RepositoryConfigurationDelegate [main] Finished Spring Data repository scanning in 165 ms. Found 3 JPA repository interfaces.
2021-11-10 17:27:41,880 INFO org.springframework.context.support.PostProcessorRegistrationDelegate$BeanPostProcessorChecker [main] Bean 'org.springframework.security.access.expression.method.DefaultMethodSecurityExpressionHandler@7da1e005' of type [org.springframework.security.access.expression.method.DefaultMethodSecurityExpressionHandler] is not eligible for getting processed by all BeanPostProcessors (for example: not eligible for auto-proxying)
2021-11-10 17:27:41,974 INFO org.springframework.context.support.PostProcessorRegistrationDelegate$BeanPostProcessorChecker [main] Bean 'methodSecurityMetadataSource' of type [org.springframework.security.access.method.DelegatingMethodSecurityMetadataSource] is not eligible for getting processed by all BeanPostProcessors (for example: not eligible for auto-proxying)
2021-11-10 17:27:44,302 INFO org.springframework.boot.web.embedded.tomcat.TomcatWebServer [main] Tomcat initialized with port(s): 0 (http)
2021-11-10 17:27:44,333 INFO org.apache.juli.logging.DirectJDKLog [main] Initializing ProtocolHandler ["http-nio-auto-1"]
2021-11-10 17:27:44,333 INFO org.apache.juli.logging.DirectJDKLog [main] Starting service [Tomcat]
2021-11-10 17:27:44,333 INFO org.apache.juli.logging.DirectJDKLog [main] Starting Servlet engine: [Apache Tomcat/9.0.53]
2021-11-10 17:27:44,771 INFO org.apache.juli.logging.DirectJDKLog [main] Initializing Spring embedded WebApplicationContext
2021-11-10 17:27:44,771 INFO org.springframework.boot.web.servlet.context.ServletWebServerApplicationContext [main] Root WebApplicationContext: initialization completed in 7265 ms
2021-11-10 17:27:47,192 INFO com.zaxxer.hikari.HikariDataSource [main] HikariPool-1 - Starting...
2021-11-10 17:27:48,380 INFO com.zaxxer.hikari.HikariDataSource [main] HikariPool-1 - Start completed.
2021-11-10 17:27:51,973 INFO org.springframework.orm.jpa.AbstractEntityManagerFactoryBean [main] Initialized JPA EntityManagerFactory for persistence unit 'default'
2021-11-10 17:27:56,092 INFO org.springframework.orm.jpa.AbstractEntityManagerFactoryBean [main] Closing JPA EntityManagerFactory for persistence unit 'default'
2021-11-10 17:27:56,107 INFO com.zaxxer.hikari.HikariDataSource [main] HikariPool-1 - Shutdown initiated...
2021-11-10 17:27:56,170 INFO com.zaxxer.hikari.HikariDataSource [main] HikariPool-1 - Shutdown completed.
2021-11-10 17:27:56,170 INFO org.apache.juli.logging.DirectJDKLog [main] Stopping service [Tomcat]
2021-11-10 17:27:56,217 INFO org.springframework.boot.autoconfigure.logging.ConditionEvaluationReportLoggingListener [main] 

Error starting ApplicationContext. To display the conditions report re-run your application with 'debug' enabled.
2021-11-10 17:27:57,771 INFO org.springframework.boot.StartupInfoLogger [main] Starting HomeGymApplicationTests using Java 11.0.12 on DESKTOP-625TCL5 with PID 9012 (started by user in C:\Users\user\Downloads\1107\HomeGym_SpringBoot-main)
2021-11-10 17:27:57,771 INFO org.springframework.boot.SpringApplication [main] No active profile set, falling back to default profiles: default
2021-11-10 17:27:58,708 INFO org.springframework.data.repository.config.RepositoryConfigurationDelegate [main] Bootstrapping Spring Data JPA repositories in DEFAULT mode.
2021-11-10 17:27:58,770 INFO org.springframework.data.repository.config.RepositoryConfigurationDelegate [main] Finished Spring Data repository scanning in 54 ms. Found 3 JPA repository interfaces.
2021-11-10 17:27:58,974 INFO org.springframework.context.support.PostProcessorRegistrationDelegate$BeanPostProcessorChecker [main] Bean 'org.springframework.security.access.expression.method.DefaultMethodSecurityExpressionHandler@16c6d5a2' of type [org.springframework.security.access.expression.method.DefaultMethodSecurityExpressionHandler] is not eligible for getting processed by all BeanPostProcessors (for example: not eligible for auto-proxying)
2021-11-10 17:27:58,989 INFO org.springframework.context.support.PostProcessorRegistrationDelegate$BeanPostProcessorChecker [main] Bean 'methodSecurityMetadataSource' of type [org.springframework.security.access.method.DelegatingMethodSecurityMetadataSource] is not eligible for getting processed by all BeanPostProcessors (for example: not eligible for auto-proxying)
2021-11-10 17:27:59,130 INFO org.springframework.boot.web.embedded.tomcat.TomcatWebServer [main] Tomcat initialized with port(s): 0 (http)
2021-11-10 17:27:59,130 INFO org.apache.juli.logging.DirectJDKLog [main] Initializing ProtocolHandler ["http-nio-auto-2"]
2021-11-10 17:27:59,130 INFO org.apache.juli.logging.DirectJDKLog [main] Starting service [Tomcat]
2021-11-10 17:27:59,130 INFO org.apache.juli.logging.DirectJDKLog [main] Starting Servlet engine: [Apache Tomcat/9.0.53]
2021-11-10 17:27:59,192 INFO org.apache.juli.logging.DirectJDKLog [main] Initializing Spring embedded WebApplicationContext
2021-11-10 17:27:59,192 INFO org.springframework.boot.web.servlet.context.ServletWebServerApplicationContext [main] Root WebApplicationContext: initialization completed in 1421 ms
2021-11-10 17:27:59,947 INFO com.zaxxer.hikari.HikariDataSource [main] HikariPool-2 - Starting...
2021-11-10 17:28:00,009 INFO com.zaxxer.hikari.HikariDataSource [main] HikariPool-2 - Start completed.
2021-11-10 17:28:00,915 INFO org.springframework.orm.jpa.AbstractEntityManagerFactoryBean [main] Initialized JPA EntityManagerFactory for persistence unit 'default'
2021-11-10 17:28:01,431 INFO org.springframework.orm.jpa.AbstractEntityManagerFactoryBean [main] Closing JPA EntityManagerFactory for persistence unit 'default'
2021-11-10 17:28:01,431 INFO com.zaxxer.hikari.HikariDataSource [main] HikariPool-2 - Shutdown initiated...
2021-11-10 17:28:01,462 INFO com.zaxxer.hikari.HikariDataSource [main] HikariPool-2 - Shutdown completed.
2021-11-10 17:28:01,462 INFO org.apache.juli.logging.DirectJDKLog [main] Stopping service [Tomcat]
2021-11-10 17:28:01,478 INFO org.springframework.boot.autoconfigure.logging.ConditionEvaluationReportLoggingListener [main] 

Error starting ApplicationContext. To display the conditions report re-run your application with 'debug' enabled.
2021-11-10 17:33:40,635 INFO org.springframework.test.context.support.AbstractTestContextBootstrapper [main] Neither @ContextConfiguration nor @ContextHierarchy found for test class [edu.ntut.project_01.homegym.HomeGymApplicationTests], using SpringBootContextLoader
2021-11-10 17:33:40,651 INFO org.springframework.test.context.support.AbstractContextLoader [main] Could not detect default resource locations for test class [edu.ntut.project_01.homegym.HomeGymApplicationTests]: no resource found for suffixes {-context.xml, Context.groovy}.
2021-11-10 17:33:40,666 INFO org.springframework.test.context.support.AnnotationConfigContextLoaderUtils [main] Could not detect default configuration classes for test class [edu.ntut.project_01.homegym.HomeGymApplicationTests]: HomeGymApplicationTests does not declare any static, non-private, non-final, nested classes annotated with @Configuration.
2021-11-10 17:33:40,916 INFO org.springframework.boot.test.context.SpringBootTestContextBootstrapper [main] Found @SpringBootConfiguration edu.ntut.project_01.homegym.HomeGymApplication for test class edu.ntut.project_01.homegym.HomeGymApplicationTests
2021-11-10 17:33:41,104 INFO org.springframework.test.context.support.AbstractTestContextBootstrapper [main] Loaded default TestExecutionListener class names from location [META-INF/spring.factories]: [org.springframework.boot.test.mock.mockito.MockitoTestExecutionListener, org.springframework.boot.test.mock.mockito.ResetMocksTestExecutionListener, org.springframework.boot.test.autoconfigure.restdocs.RestDocsTestExecutionListener, org.springframework.boot.test.autoconfigure.web.client.MockRestServiceServerResetTestExecutionListener, org.springframework.boot.test.autoconfigure.web.servlet.MockMvcPrintOnlyOnFailureTestExecutionListener, org.springframework.boot.test.autoconfigure.web.servlet.WebDriverTestExecutionListener, org.springframework.boot.test.autoconfigure.webservices.client.MockWebServiceServerTestExecutionListener, org.springframework.test.context.web.ServletTestExecutionListener, org.springframework.test.context.support.DirtiesContextBeforeModesTestExecutionListener, org.springframework.test.context.event.ApplicationEventsTestExecutionListener, org.springframework.test.context.support.DependencyInjectionTestExecutionListener, org.springframework.test.context.support.DirtiesContextTestExecutionListener, org.springframework.test.context.transaction.TransactionalTestExecutionListener, org.springframework.test.context.jdbc.SqlScriptsTestExecutionListener, org.springframework.test.context.event.EventPublishingTestExecutionListener]
2021-11-10 17:33:41,150 INFO org.springframework.test.context.support.AbstractTestContextBootstrapper [main] Using TestExecutionListeners: [org.springframework.test.context.web.ServletTestExecutionListener@796065aa, org.springframework.test.context.support.DirtiesContextBeforeModesTestExecutionListener@28a6301f, org.springframework.test.context.event.ApplicationEventsTestExecutionListener@2c306a57, org.springframework.boot.test.mock.mockito.MockitoTestExecutionListener@773e2eb5, org.springframework.boot.test.autoconfigure.SpringBootDependencyInjectionTestExecutionListener@d8948cd, org.springframework.test.context.support.DirtiesContextTestExecutionListener@1436a7ab, org.springframework.test.context.transaction.TransactionalTestExecutionListener@3b7b05a8, org.springframework.test.context.jdbc.SqlScriptsTestExecutionListener@3d36dff4, org.springframework.test.context.event.EventPublishingTestExecutionListener@7abe27bf, org.springframework.boot.test.mock.mockito.ResetMocksTestExecutionListener@5b94ccbc, org.springframework.boot.test.autoconfigure.restdocs.RestDocsTestExecutionListener@38a1c423, org.springframework.boot.test.autoconfigure.web.client.MockRestServiceServerResetTestExecutionListener@336365bc, org.springframework.boot.test.autoconfigure.web.servlet.MockMvcPrintOnlyOnFailureTestExecutionListener@38eb2fb0, org.springframework.boot.test.autoconfigure.web.servlet.WebDriverTestExecutionListener@4567e53d, org.springframework.boot.test.autoconfigure.webservices.client.MockWebServiceServerTestExecutionListener@7351a16e]
2021-11-10 17:33:42,182 INFO org.springframework.boot.StartupInfoLogger [main] Starting HomeGymApplicationTests using Java 11.0.12 on DESKTOP-625TCL5 with PID 14440 (started by user in C:\Users\user\Downloads\1107\HomeGym_SpringBoot-main)
2021-11-10 17:33:42,197 INFO org.springframework.boot.SpringApplication [main] No active profile set, falling back to default profiles: default
2021-11-10 17:33:44,713 INFO org.springframework.data.repository.config.RepositoryConfigurationDelegate [main] Bootstrapping Spring Data JPA repositories in DEFAULT mode.
2021-11-10 17:33:44,994 INFO org.springframework.data.repository.config.RepositoryConfigurationDelegate [main] Finished Spring Data repository scanning in 245 ms. Found 3 JPA repository interfaces.
2021-11-10 17:33:46,353 INFO org.springframework.context.support.PostProcessorRegistrationDelegate$BeanPostProcessorChecker [main] Bean 'org.springframework.security.access.expression.method.DefaultMethodSecurityExpressionHandler@14f060b8' of type [org.springframework.security.access.expression.method.DefaultMethodSecurityExpressionHandler] is not eligible for getting processed by all BeanPostProcessors (for example: not eligible for auto-proxying)
2021-11-10 17:33:46,400 INFO org.springframework.context.support.PostProcessorRegistrationDelegate$BeanPostProcessorChecker [main] Bean 'methodSecurityMetadataSource' of type [org.springframework.security.access.method.DelegatingMethodSecurityMetadataSource] is not eligible for getting processed by all BeanPostProcessors (for example: not eligible for auto-proxying)
2021-11-10 17:33:48,541 INFO org.springframework.boot.web.embedded.tomcat.TomcatWebServer [main] Tomcat initialized with port(s): 0 (http)
2021-11-10 17:33:48,556 INFO org.apache.juli.logging.DirectJDKLog [main] Initializing ProtocolHandler ["http-nio-auto-1"]
2021-11-10 17:33:48,556 INFO org.apache.juli.logging.DirectJDKLog [main] Starting service [Tomcat]
2021-11-10 17:33:48,572 INFO org.apache.juli.logging.DirectJDKLog [main] Starting Servlet engine: [Apache Tomcat/9.0.53]
2021-11-10 17:33:48,994 INFO org.apache.juli.logging.DirectJDKLog [main] Initializing Spring embedded WebApplicationContext
2021-11-10 17:33:48,994 INFO org.springframework.boot.web.servlet.context.ServletWebServerApplicationContext [main] Root WebApplicationContext: initialization completed in 6719 ms
2021-11-10 17:33:50,822 INFO com.zaxxer.hikari.HikariDataSource [main] HikariPool-1 - Starting...
2021-11-10 17:33:51,790 INFO com.zaxxer.hikari.HikariDataSource [main] HikariPool-1 - Start completed.
2021-11-10 17:33:54,634 INFO org.springframework.orm.jpa.AbstractEntityManagerFactoryBean [main] Initialized JPA EntityManagerFactory for persistence unit 'default'
2021-11-10 17:33:56,618 INFO org.springframework.security.web.DefaultSecurityFilterChain [main] Will secure any request with [org.springframework.security.web.context.request.async.WebAsyncManagerIntegrationFilter@2f4bc3ff, org.springframework.security.web.context.SecurityContextPersistenceFilter@59ebe484, org.springframework.security.web.header.HeaderWriterFilter@6919a8a, org.springframework.security.web.authentication.logout.LogoutFilter@420c9959, edu.ntut.project_01.homegym.filter.JwtRequestFilter@615bd28b, org.springframework.security.web.savedrequest.RequestCacheAwareFilter@5cc28282, org.springframework.security.web.servletapi.SecurityContextHolderAwareRequestFilter@c7008b4, org.springframework.security.web.authentication.AnonymousAuthenticationFilter@2297c8bf, org.springframework.security.web.session.SessionManagementFilter@4458887d, org.springframework.security.web.access.ExceptionTranslationFilter@3bdf6d63, org.springframework.security.web.access.intercept.FilterSecurityInterceptor@7712c315]
2021-11-10 17:33:57,993 INFO org.apache.juli.logging.DirectJDKLog [main] Starting ProtocolHandler ["http-nio-auto-1"]
2021-11-10 17:33:58,040 INFO org.springframework.boot.web.embedded.tomcat.TomcatWebServer [main] Tomcat started on port(s): 3111 (http) with context path ''
2021-11-10 17:33:58,071 INFO org.springframework.boot.StartupInfoLogger [main] Started HomeGymApplicationTests in 16.798 seconds (JVM running for 24.596)
2021-11-10 17:33:58,102 INFO org.springframework.test.context.transaction.TransactionContext [main] Began transaction (1) for test context [DefaultTestContext@4225b4e2 testClass = HomeGymApplicationTests, testInstance = edu.ntut.project_01.homegym.HomeGymApplicationTests@20834c45, testMethod = courseByCoach@HomeGymApplicationTests, testException = [null], mergedContextConfiguration = [WebMergedContextConfiguration@74061ced testClass = HomeGymApplicationTests, locations = '{}', classes = '{class edu.ntut.project_01.homegym.HomeGymApplication}', contextInitializerClasses = '[]', activeProfiles = '{}', propertySourceLocations = '{}', propertySourceProperties = '{org.springframework.boot.test.context.SpringBootTestContextBootstrapper=true, server.port=0}', contextCustomizers = set[org.springframework.boot.test.context.filter.ExcludeFilterContextCustomizer@70d8de, org.springframework.boot.test.json.DuplicateJsonObjectContextCustomizerFactory$DuplicateJsonObjectContextCustomizer@46b695ec, org.springframework.boot.test.mock.mockito.MockitoContextCustomizer@0, org.springframework.boot.test.web.client.TestRestTemplateContextCustomizer@304a9d7b, org.springframework.boot.test.autoconfigure.actuate.metrics.MetricsExportContextCustomizerFactory$DisableMetricExportContextCustomizer@240139e1, org.springframework.boot.test.autoconfigure.properties.PropertyMappingContextCustomizer@0, org.springframework.boot.test.autoconfigure.web.servlet.WebDriverContextCustomizerFactory$Customizer@55caeb35, org.springframework.boot.test.context.SpringBootTestArgs@1, org.springframework.boot.test.context.SpringBootTestWebEnvironment@1068e947], resourceBasePath = 'src/main/webapp', contextLoader = 'org.springframework.boot.test.context.SpringBootContextLoader', parent = [null]], attributes = map['org.springframework.test.context.web.ServletTestExecutionListener.activateListener' -> false, 'org.springframework.test.context.event.ApplicationEventsTestExecutionListener.recordApplicationEvents' -> false]]; transaction manager [org.springframework.orm.jpa.JpaTransactionManager@67441705]; rollback [true]
2021-11-10 17:33:58,868 INFO org.springframework.test.context.transaction.TransactionContext [main] Rolled back transaction for test: [DefaultTestContext@4225b4e2 testClass = HomeGymApplicationTests, testInstance = edu.ntut.project_01.homegym.HomeGymApplicationTests@20834c45, testMethod = courseByCoach@HomeGymApplicationTests, testException = [null], mergedContextConfiguration = [WebMergedContextConfiguration@74061ced testClass = HomeGymApplicationTests, locations = '{}', classes = '{class edu.ntut.project_01.homegym.HomeGymApplication}', contextInitializerClasses = '[]', activeProfiles = '{}', propertySourceLocations = '{}', propertySourceProperties = '{org.springframework.boot.test.context.SpringBootTestContextBootstrapper=true, server.port=0}', contextCustomizers = set[org.springframework.boot.test.context.filter.ExcludeFilterContextCustomizer@70d8de, org.springframework.boot.test.json.DuplicateJsonObjectContextCustomizerFactory$DuplicateJsonObjectContextCustomizer@46b695ec, org.springframework.boot.test.mock.mockito.MockitoContextCustomizer@0, org.springframework.boot.test.web.client.TestRestTemplateContextCustomizer@304a9d7b, org.springframework.boot.test.autoconfigure.actuate.metrics.MetricsExportContextCustomizerFactory$DisableMetricExportContextCustomizer@240139e1, org.springframework.boot.test.autoconfigure.properties.PropertyMappingContextCustomizer@0, org.springframework.boot.test.autoconfigure.web.servlet.WebDriverContextCustomizerFactory$Customizer@55caeb35, org.springframework.boot.test.context.SpringBootTestArgs@1, org.springframework.boot.test.context.SpringBootTestWebEnvironment@1068e947], resourceBasePath = 'src/main/webapp', contextLoader = 'org.springframework.boot.test.context.SpringBootContextLoader', parent = [null]], attributes = map['org.springframework.test.context.web.ServletTestExecutionListener.activateListener' -> false, 'org.springframework.test.context.event.ApplicationEventsTestExecutionListener.recordApplicationEvents' -> false]]
2021-11-10 17:33:59,366 INFO org.springframework.orm.jpa.AbstractEntityManagerFactoryBean [SpringApplicationShutdownHook] Closing JPA EntityManagerFactory for persistence unit 'default'
2021-11-10 17:33:59,366 INFO com.zaxxer.hikari.HikariDataSource [SpringApplicationShutdownHook] HikariPool-1 - Shutdown initiated...
2021-11-10 17:33:59,382 INFO com.zaxxer.hikari.HikariDataSource [SpringApplicationShutdownHook] HikariPool-1 - Shutdown completed.
2021-11-10 18:39:15,507 INFO org.springframework.test.context.support.AbstractTestContextBootstrapper [main] Neither @ContextConfiguration nor @ContextHierarchy found for test class [edu.ntut.project_01.homegym.HomeGymApplicationTests], using SpringBootContextLoader
2021-11-10 18:39:15,523 INFO org.springframework.test.context.support.AbstractContextLoader [main] Could not detect default resource locations for test class [edu.ntut.project_01.homegym.HomeGymApplicationTests]: no resource found for suffixes {-context.xml, Context.groovy}.
2021-11-10 18:39:15,538 INFO org.springframework.test.context.support.AnnotationConfigContextLoaderUtils [main] Could not detect default configuration classes for test class [edu.ntut.project_01.homegym.HomeGymApplicationTests]: HomeGymApplicationTests does not declare any static, non-private, non-final, nested classes annotated with @Configuration.
2021-11-10 18:39:15,773 INFO org.springframework.boot.test.context.SpringBootTestContextBootstrapper [main] Found @SpringBootConfiguration edu.ntut.project_01.homegym.HomeGymApplication for test class edu.ntut.project_01.homegym.HomeGymApplicationTests
2021-11-10 18:39:15,976 INFO org.springframework.test.context.support.AbstractTestContextBootstrapper [main] Loaded default TestExecutionListener class names from location [META-INF/spring.factories]: [org.springframework.boot.test.mock.mockito.MockitoTestExecutionListener, org.springframework.boot.test.mock.mockito.ResetMocksTestExecutionListener, org.springframework.boot.test.autoconfigure.restdocs.RestDocsTestExecutionListener, org.springframework.boot.test.autoconfigure.web.client.MockRestServiceServerResetTestExecutionListener, org.springframework.boot.test.autoconfigure.web.servlet.MockMvcPrintOnlyOnFailureTestExecutionListener, org.springframework.boot.test.autoconfigure.web.servlet.WebDriverTestExecutionListener, org.springframework.boot.test.autoconfigure.webservices.client.MockWebServiceServerTestExecutionListener, org.springframework.test.context.web.ServletTestExecutionListener, org.springframework.test.context.support.DirtiesContextBeforeModesTestExecutionListener, org.springframework.test.context.event.ApplicationEventsTestExecutionListener, org.springframework.test.context.support.DependencyInjectionTestExecutionListener, org.springframework.test.context.support.DirtiesContextTestExecutionListener, org.springframework.test.context.transaction.TransactionalTestExecutionListener, org.springframework.test.context.jdbc.SqlScriptsTestExecutionListener, org.springframework.test.context.event.EventPublishingTestExecutionListener]
2021-11-10 18:39:16,023 INFO org.springframework.test.context.support.AbstractTestContextBootstrapper [main] Using TestExecutionListeners: [org.springframework.test.context.web.ServletTestExecutionListener@6b760460, org.springframework.test.context.support.DirtiesContextBeforeModesTestExecutionListener@796065aa, org.springframework.test.context.event.ApplicationEventsTestExecutionListener@28a6301f, org.springframework.boot.test.mock.mockito.MockitoTestExecutionListener@2c306a57, org.springframework.boot.test.autoconfigure.SpringBootDependencyInjectionTestExecutionListener@773e2eb5, org.springframework.test.context.support.DirtiesContextTestExecutionListener@d8948cd, org.springframework.test.context.transaction.TransactionalTestExecutionListener@1436a7ab, org.springframework.test.context.jdbc.SqlScriptsTestExecutionListener@3b7b05a8, org.springframework.test.context.event.EventPublishingTestExecutionListener@3d36dff4, org.springframework.boot.test.mock.mockito.ResetMocksTestExecutionListener@7abe27bf, org.springframework.boot.test.autoconfigure.restdocs.RestDocsTestExecutionListener@5b94ccbc, org.springframework.boot.test.autoconfigure.web.client.MockRestServiceServerResetTestExecutionListener@38a1c423, org.springframework.boot.test.autoconfigure.web.servlet.MockMvcPrintOnlyOnFailureTestExecutionListener@336365bc, org.springframework.boot.test.autoconfigure.web.servlet.WebDriverTestExecutionListener@38eb2fb0, org.springframework.boot.test.autoconfigure.webservices.client.MockWebServiceServerTestExecutionListener@4567e53d]
2021-11-10 18:39:16,851 INFO org.springframework.boot.StartupInfoLogger [main] Starting HomeGymApplicationTests using Java 11.0.12 on DESKTOP-625TCL5 with PID 10904 (started by user in C:\Users\user\Downloads\1107\HomeGym_SpringBoot-main)
2021-11-10 18:39:16,851 INFO org.springframework.boot.SpringApplication [main] No active profile set, falling back to default profiles: default
2021-11-10 18:39:19,335 INFO org.springframework.data.repository.config.RepositoryConfigurationDelegate [main] Bootstrapping Spring Data JPA repositories in DEFAULT mode.
2021-11-10 18:39:19,585 INFO org.springframework.data.repository.config.RepositoryConfigurationDelegate [main] Finished Spring Data repository scanning in 243 ms. Found 3 JPA repository interfaces.
2021-11-10 18:39:20,788 INFO org.springframework.context.support.PostProcessorRegistrationDelegate$BeanPostProcessorChecker [main] Bean 'org.springframework.security.access.expression.method.DefaultMethodSecurityExpressionHandler@7da1e005' of type [org.springframework.security.access.expression.method.DefaultMethodSecurityExpressionHandler] is not eligible for getting processed by all BeanPostProcessors (for example: not eligible for auto-proxying)
2021-11-10 18:39:20,835 INFO org.springframework.context.support.PostProcessorRegistrationDelegate$BeanPostProcessorChecker [main] Bean 'methodSecurityMetadataSource' of type [org.springframework.security.access.method.DelegatingMethodSecurityMetadataSource] is not eligible for getting processed by all BeanPostProcessors (for example: not eligible for auto-proxying)
2021-11-10 18:39:22,522 INFO org.springframework.boot.web.embedded.tomcat.TomcatWebServer [main] Tomcat initialized with port(s): 0 (http)
2021-11-10 18:39:22,553 INFO org.apache.juli.logging.DirectJDKLog [main] Initializing ProtocolHandler ["http-nio-auto-1"]
2021-11-10 18:39:22,553 INFO org.apache.juli.logging.DirectJDKLog [main] Starting service [Tomcat]
2021-11-10 18:39:22,553 INFO org.apache.juli.logging.DirectJDKLog [main] Starting Servlet engine: [Apache Tomcat/9.0.53]
2021-11-10 18:39:22,960 INFO org.apache.juli.logging.DirectJDKLog [main] Initializing Spring embedded WebApplicationContext
2021-11-10 18:39:22,960 INFO org.springframework.boot.web.servlet.context.ServletWebServerApplicationContext [main] Root WebApplicationContext: initialization completed in 6031 ms
2021-11-10 18:39:25,159 INFO com.zaxxer.hikari.HikariDataSource [main] HikariPool-1 - Starting...
2021-11-10 18:39:26,143 INFO com.zaxxer.hikari.HikariDataSource [main] HikariPool-1 - Start completed.
2021-11-10 18:39:29,549 INFO org.springframework.orm.jpa.AbstractEntityManagerFactoryBean [main] Initialized JPA EntityManagerFactory for persistence unit 'default'
2021-11-10 18:39:31,408 INFO org.springframework.security.web.DefaultSecurityFilterChain [main] Will secure any request with [org.springframework.security.web.context.request.async.WebAsyncManagerIntegrationFilter@3a5244a1, org.springframework.security.web.context.SecurityContextPersistenceFilter@60a4595e, org.springframework.security.web.header.HeaderWriterFilter@766ab25b, org.springframework.security.web.authentication.logout.LogoutFilter@2bd67cf9, edu.ntut.project_01.homegym.filter.JwtRequestFilter@409df37d, org.springframework.security.web.savedrequest.RequestCacheAwareFilter@64ef9b9a, org.springframework.security.web.servletapi.SecurityContextHolderAwareRequestFilter@74997ca6, org.springframework.security.web.authentication.AnonymousAuthenticationFilter@4d37c996, org.springframework.security.web.session.SessionManagementFilter@6f959640, org.springframework.security.web.access.ExceptionTranslationFilter@11d474a, org.springframework.security.web.access.intercept.FilterSecurityInterceptor@3fe1b278]
2021-11-10 18:39:32,814 INFO org.apache.juli.logging.DirectJDKLog [main] Starting ProtocolHandler ["http-nio-auto-1"]
2021-11-10 18:39:32,861 INFO org.springframework.boot.web.embedded.tomcat.TomcatWebServer [main] Tomcat started on port(s): 4445 (http) with context path ''
2021-11-10 18:39:32,877 INFO org.springframework.boot.StartupInfoLogger [main] Started HomeGymApplicationTests in 16.772 seconds (JVM running for 23.942)
2021-11-10 18:39:32,924 INFO org.springframework.test.context.transaction.TransactionContext [main] Began transaction (1) for test context [DefaultTestContext@cfe7be3 testClass = HomeGymApplicationTests, testInstance = edu.ntut.project_01.homegym.HomeGymApplicationTests@4c0d7878, testMethod = courseByCoach@HomeGymApplicationTests, testException = [null], mergedContextConfiguration = [WebMergedContextConfiguration@5a349644 testClass = HomeGymApplicationTests, locations = '{}', classes = '{class edu.ntut.project_01.homegym.HomeGymApplication}', contextInitializerClasses = '[]', activeProfiles = '{}', propertySourceLocations = '{}', propertySourceProperties = '{org.springframework.boot.test.context.SpringBootTestContextBootstrapper=true, server.port=0}', contextCustomizers = set[org.springframework.boot.test.context.filter.ExcludeFilterContextCustomizer@5b989dc7, org.springframework.boot.test.json.DuplicateJsonObjectContextCustomizerFactory$DuplicateJsonObjectContextCustomizer@595f4da5, org.springframework.boot.test.mock.mockito.MockitoContextCustomizer@0, org.springframework.boot.test.web.client.TestRestTemplateContextCustomizer@2516fc68, org.springframework.boot.test.autoconfigure.actuate.metrics.MetricsExportContextCustomizerFactory$DisableMetricExportContextCustomizer@1d8e2eea, org.springframework.boot.test.autoconfigure.properties.PropertyMappingContextCustomizer@0, org.springframework.boot.test.autoconfigure.web.servlet.WebDriverContextCustomizerFactory$Customizer@c7a977f, org.springframework.boot.test.context.SpringBootTestArgs@1, org.springframework.boot.test.context.SpringBootTestWebEnvironment@2f8f5f62], resourceBasePath = 'src/main/webapp', contextLoader = 'org.springframework.boot.test.context.SpringBootContextLoader', parent = [null]], attributes = map['org.springframework.test.context.web.ServletTestExecutionListener.activateListener' -> false, 'org.springframework.test.context.event.ApplicationEventsTestExecutionListener.recordApplicationEvents' -> false]]; transaction manager [org.springframework.orm.jpa.JpaTransactionManager@7225583d]; rollback [true]
2021-11-10 18:39:33,502 INFO org.springframework.test.context.transaction.TransactionContext [main] Rolled back transaction for test: [DefaultTestContext@cfe7be3 testClass = HomeGymApplicationTests, testInstance = edu.ntut.project_01.homegym.HomeGymApplicationTests@4c0d7878, testMethod = courseByCoach@HomeGymApplicationTests, testException = [null], mergedContextConfiguration = [WebMergedContextConfiguration@5a349644 testClass = HomeGymApplicationTests, locations = '{}', classes = '{class edu.ntut.project_01.homegym.HomeGymApplication}', contextInitializerClasses = '[]', activeProfiles = '{}', propertySourceLocations = '{}', propertySourceProperties = '{org.springframework.boot.test.context.SpringBootTestContextBootstrapper=true, server.port=0}', contextCustomizers = set[org.springframework.boot.test.context.filter.ExcludeFilterContextCustomizer@5b989dc7, org.springframework.boot.test.json.DuplicateJsonObjectContextCustomizerFactory$DuplicateJsonObjectContextCustomizer@595f4da5, org.springframework.boot.test.mock.mockito.MockitoContextCustomizer@0, org.springframework.boot.test.web.client.TestRestTemplateContextCustomizer@2516fc68, org.springframework.boot.test.autoconfigure.actuate.metrics.MetricsExportContextCustomizerFactory$DisableMetricExportContextCustomizer@1d8e2eea, org.springframework.boot.test.autoconfigure.properties.PropertyMappingContextCustomizer@0, org.springframework.boot.test.autoconfigure.web.servlet.WebDriverContextCustomizerFactory$Customizer@c7a977f, org.springframework.boot.test.context.SpringBootTestArgs@1, org.springframework.boot.test.context.SpringBootTestWebEnvironment@2f8f5f62], resourceBasePath = 'src/main/webapp', contextLoader = 'org.springframework.boot.test.context.SpringBootContextLoader', parent = [null]], attributes = map['org.springframework.test.context.web.ServletTestExecutionListener.activateListener' -> false, 'org.springframework.test.context.event.ApplicationEventsTestExecutionListener.recordApplicationEvents' -> false]]
2021-11-10 18:39:34,110 INFO org.springframework.orm.jpa.AbstractEntityManagerFactoryBean [SpringApplicationShutdownHook] Closing JPA EntityManagerFactory for persistence unit 'default'
2021-11-10 18:39:34,110 INFO com.zaxxer.hikari.HikariDataSource [SpringApplicationShutdownHook] HikariPool-1 - Shutdown initiated...
2021-11-10 18:39:34,125 INFO com.zaxxer.hikari.HikariDataSource [SpringApplicationShutdownHook] HikariPool-1 - Shutdown completed.
2021-11-10 18:40:15,533 INFO org.springframework.boot.StartupInfoLogger [restartedMain] Starting HomeGymApplication using Java 11.0.12 on DESKTOP-625TCL5 with PID 9132 (C:\Users\user\Downloads\1107\HomeGym_SpringBoot-main\target\classes started by user in C:\Users\user\Downloads\1107\HomeGym_SpringBoot-main)
2021-11-10 18:40:15,533 INFO org.springframework.boot.SpringApplication [restartedMain] No active profile set, falling back to default profiles: default
2021-11-10 18:40:15,611 INFO org.springframework.boot.logging.DeferredLog [restartedMain] Devtools property defaults active! Set 'spring.devtools.add-properties' to 'false' to disable
2021-11-10 18:40:15,611 INFO org.springframework.boot.logging.DeferredLog [restartedMain] For additional web related logging consider setting the 'logging.level.web' property to 'DEBUG'
2021-11-10 18:40:16,908 INFO org.springframework.data.repository.config.RepositoryConfigurationDelegate [restartedMain] Bootstrapping Spring Data JPA repositories in DEFAULT mode.
2021-11-10 18:40:17,033 INFO org.springframework.data.repository.config.RepositoryConfigurationDelegate [restartedMain] Finished Spring Data repository scanning in 100 ms. Found 3 JPA repository interfaces.
2021-11-10 18:40:17,517 INFO org.springframework.context.support.PostProcessorRegistrationDelegate$BeanPostProcessorChecker [restartedMain] Bean 'org.springframework.security.access.expression.method.DefaultMethodSecurityExpressionHandler@39573b80' of type [org.springframework.security.access.expression.method.DefaultMethodSecurityExpressionHandler] is not eligible for getting processed by all BeanPostProcessors (for example: not eligible for auto-proxying)
2021-11-10 18:40:17,517 INFO org.springframework.context.support.PostProcessorRegistrationDelegate$BeanPostProcessorChecker [restartedMain] Bean 'methodSecurityMetadataSource' of type [org.springframework.security.access.method.DelegatingMethodSecurityMetadataSource] is not eligible for getting processed by all BeanPostProcessors (for example: not eligible for auto-proxying)
2021-11-10 18:40:17,939 INFO org.springframework.boot.web.embedded.tomcat.TomcatWebServer [restartedMain] Tomcat initialized with port(s): 8080 (http)
2021-11-10 18:40:17,955 INFO org.apache.juli.logging.DirectJDKLog [restartedMain] Initializing ProtocolHandler ["http-nio-8080"]
2021-11-10 18:40:17,955 INFO org.apache.juli.logging.DirectJDKLog [restartedMain] Starting service [Tomcat]
2021-11-10 18:40:17,955 INFO org.apache.juli.logging.DirectJDKLog [restartedMain] Starting Servlet engine: [Apache Tomcat/9.0.53]
2021-11-10 18:40:18,080 INFO org.apache.juli.logging.DirectJDKLog [restartedMain] Initializing Spring embedded WebApplicationContext
2021-11-10 18:40:18,080 INFO org.springframework.boot.web.servlet.context.ServletWebServerApplicationContext [restartedMain] Root WebApplicationContext: initialization completed in 2469 ms
2021-11-10 18:40:18,642 INFO com.zaxxer.hikari.HikariDataSource [restartedMain] HikariPool-1 - Starting...
2021-11-10 18:40:19,080 INFO com.zaxxer.hikari.HikariDataSource [restartedMain] HikariPool-1 - Start completed.
2021-11-10 18:40:20,548 INFO org.springframework.orm.jpa.AbstractEntityManagerFactoryBean [restartedMain] Initialized JPA EntityManagerFactory for persistence unit 'default'
2021-11-10 18:40:21,626 INFO org.springframework.security.web.DefaultSecurityFilterChain [restartedMain] Will secure any request with [org.springframework.security.web.context.request.async.WebAsyncManagerIntegrationFilter@6c6408f4, org.springframework.security.web.context.SecurityContextPersistenceFilter@3e417620, org.springframework.security.web.header.HeaderWriterFilter@106bb9ac, org.springframework.security.web.authentication.logout.LogoutFilter@779e81ef, edu.ntut.project_01.homegym.filter.JwtRequestFilter@6e216af, org.springframework.security.web.savedrequest.RequestCacheAwareFilter@4d0377b8, org.springframework.security.web.servletapi.SecurityContextHolderAwareRequestFilter@34627da0, org.springframework.security.web.authentication.AnonymousAuthenticationFilter@42d0b7b, org.springframework.security.web.session.SessionManagementFilter@763e1ab, org.springframework.security.web.access.ExceptionTranslationFilter@33e70f14, org.springframework.security.web.access.intercept.FilterSecurityInterceptor@af9cb68]
2021-11-10 18:40:22,267 INFO org.springframework.boot.devtools.autoconfigure.OptionalLiveReloadServer [restartedMain] LiveReload server is running on port 35729
2021-11-10 18:40:22,329 INFO org.apache.juli.logging.DirectJDKLog [restartedMain] Starting ProtocolHandler ["http-nio-8080"]
2021-11-10 18:40:22,361 INFO org.springframework.boot.web.embedded.tomcat.TomcatWebServer [restartedMain] Tomcat started on port(s): 8080 (http) with context path ''
2021-11-10 18:40:22,361 INFO org.springframework.boot.StartupInfoLogger [restartedMain] Started HomeGymApplication in 7.392 seconds (JVM running for 10.82)
2021-11-10 18:40:48,818 INFO org.apache.juli.logging.DirectJDKLog [http-nio-8080-exec-1] Initializing Spring DispatcherServlet 'dispatcherServlet'
2021-11-10 18:40:48,820 INFO org.springframework.web.servlet.FrameworkServlet [http-nio-8080-exec-1] Initializing Servlet 'dispatcherServlet'
2021-11-10 18:40:48,822 INFO org.springframework.web.servlet.FrameworkServlet [http-nio-8080-exec-1] Completed initialization in 2 ms
2021-11-10 18:43:57,794 INFO org.springframework.orm.jpa.AbstractEntityManagerFactoryBean [SpringApplicationShutdownHook] Closing JPA EntityManagerFactory for persistence unit 'default'
2021-11-10 18:43:57,826 INFO com.zaxxer.hikari.HikariDataSource [SpringApplicationShutdownHook] HikariPool-1 - Shutdown initiated...
2021-11-10 18:43:57,873 INFO com.zaxxer.hikari.HikariDataSource [SpringApplicationShutdownHook] HikariPool-1 - Shutdown completed.
2021-11-10 18:44:13,260 INFO org.springframework.boot.StartupInfoLogger [restartedMain] Starting HomeGymApplication using Java 11.0.12 on DESKTOP-625TCL5 with PID 11776 (C:\Users\user\Downloads\1107\HomeGym_SpringBoot-main\target\classes started by user in C:\Users\user\Downloads\1107\HomeGym_SpringBoot-main)
2021-11-10 18:44:13,291 INFO org.springframework.boot.SpringApplication [restartedMain] No active profile set, falling back to default profiles: default
2021-11-10 18:44:13,507 INFO org.springframework.boot.logging.DeferredLog [restartedMain] Devtools property defaults active! Set 'spring.devtools.add-properties' to 'false' to disable
2021-11-10 18:44:13,507 INFO org.springframework.boot.logging.DeferredLog [restartedMain] For additional web related logging consider setting the 'logging.level.web' property to 'DEBUG'
2021-11-10 18:44:17,355 INFO org.springframework.data.repository.config.RepositoryConfigurationDelegate [restartedMain] Bootstrapping Spring Data JPA repositories in DEFAULT mode.
2021-11-10 18:44:17,671 INFO org.springframework.data.repository.config.RepositoryConfigurationDelegate [restartedMain] Finished Spring Data repository scanning in 259 ms. Found 3 JPA repository interfaces.
2021-11-10 18:44:18,683 INFO org.springframework.context.support.PostProcessorRegistrationDelegate$BeanPostProcessorChecker [restartedMain] Bean 'org.springframework.security.access.expression.method.DefaultMethodSecurityExpressionHandler@2a5a63f' of type [org.springframework.security.access.expression.method.DefaultMethodSecurityExpressionHandler] is not eligible for getting processed by all BeanPostProcessors (for example: not eligible for auto-proxying)
2021-11-10 18:44:18,699 INFO org.springframework.context.support.PostProcessorRegistrationDelegate$BeanPostProcessorChecker [restartedMain] Bean 'methodSecurityMetadataSource' of type [org.springframework.security.access.method.DelegatingMethodSecurityMetadataSource] is not eligible for getting processed by all BeanPostProcessors (for example: not eligible for auto-proxying)
2021-11-10 18:44:25,477 INFO org.springframework.boot.web.embedded.tomcat.TomcatWebServer [restartedMain] Tomcat initialized with port(s): 8080 (http)
2021-11-10 18:44:25,603 INFO org.apache.juli.logging.DirectJDKLog [restartedMain] Initializing ProtocolHandler ["http-nio-8080"]
2021-11-10 18:44:25,606 INFO org.apache.juli.logging.DirectJDKLog [restartedMain] Starting service [Tomcat]
2021-11-10 18:44:25,606 INFO org.apache.juli.logging.DirectJDKLog [restartedMain] Starting Servlet engine: [Apache Tomcat/9.0.53]
2021-11-10 18:44:26,944 INFO org.apache.juli.logging.DirectJDKLog [restartedMain] Initializing Spring embedded WebApplicationContext
2021-11-10 18:44:26,944 INFO org.springframework.boot.web.servlet.context.ServletWebServerApplicationContext [restartedMain] Root WebApplicationContext: initialization completed in 13437 ms
2021-11-10 18:44:30,615 INFO com.zaxxer.hikari.HikariDataSource [restartedMain] HikariPool-1 - Starting...
2021-11-10 18:44:31,255 INFO com.zaxxer.hikari.HikariDataSource [restartedMain] HikariPool-1 - Start completed.
2021-11-10 18:44:33,052 INFO org.springframework.orm.jpa.AbstractEntityManagerFactoryBean [restartedMain] Initialized JPA EntityManagerFactory for persistence unit 'default'
2021-11-10 18:44:34,130 INFO org.springframework.security.web.DefaultSecurityFilterChain [restartedMain] Will secure any request with [org.springframework.security.web.context.request.async.WebAsyncManagerIntegrationFilter@6d8f1596, org.springframework.security.web.context.SecurityContextPersistenceFilter@701b807c, org.springframework.security.web.header.HeaderWriterFilter@78492ac, org.springframework.security.web.authentication.logout.LogoutFilter@5d9c9221, edu.ntut.project_01.homegym.filter.JwtRequestFilter@13bf506e, org.springframework.security.web.savedrequest.RequestCacheAwareFilter@5b698be8, org.springframework.security.web.servletapi.SecurityContextHolderAwareRequestFilter@330bc5d2, org.springframework.security.web.authentication.AnonymousAuthenticationFilter@947dcb7, org.springframework.security.web.session.SessionManagementFilter@45b4491, org.springframework.security.web.access.ExceptionTranslationFilter@1b562f9, org.springframework.security.web.access.intercept.FilterSecurityInterceptor@6f8cf7b9]
2021-11-10 18:44:34,755 INFO org.springframework.boot.devtools.autoconfigure.OptionalLiveReloadServer [restartedMain] LiveReload server is running on port 35729
2021-11-10 18:44:34,786 INFO org.apache.juli.logging.DirectJDKLog [restartedMain] Starting ProtocolHandler ["http-nio-8080"]
2021-11-10 18:44:34,817 INFO org.springframework.boot.web.embedded.tomcat.TomcatWebServer [restartedMain] Tomcat started on port(s): 8080 (http) with context path ''
2021-11-10 18:44:34,817 INFO org.springframework.boot.StartupInfoLogger [restartedMain] Started HomeGymApplication in 22.309 seconds (JVM running for 26.713)
2021-11-10 18:44:37,277 INFO org.apache.juli.logging.DirectJDKLog [http-nio-8080-exec-1] Initializing Spring DispatcherServlet 'dispatcherServlet'
2021-11-10 18:44:37,278 INFO org.springframework.web.servlet.FrameworkServlet [http-nio-8080-exec-1] Initializing Servlet 'dispatcherServlet'
2021-11-10 18:44:37,281 INFO org.springframework.web.servlet.FrameworkServlet [http-nio-8080-exec-1] Completed initialization in 3 ms
2021-11-10 18:46:07,880 INFO org.springframework.orm.jpa.AbstractEntityManagerFactoryBean [SpringApplicationShutdownHook] Closing JPA EntityManagerFactory for persistence unit 'default'
2021-11-10 18:46:07,896 INFO com.zaxxer.hikari.HikariDataSource [SpringApplicationShutdownHook] HikariPool-1 - Shutdown initiated...
2021-11-10 18:46:07,911 INFO com.zaxxer.hikari.HikariDataSource [SpringApplicationShutdownHook] HikariPool-1 - Shutdown completed.
2021-11-10 18:46:20,832 INFO org.springframework.boot.StartupInfoLogger [restartedMain] Starting HomeGymApplication using Java 11.0.12 on DESKTOP-625TCL5 with PID 9548 (C:\Users\user\Downloads\1107\HomeGym_SpringBoot-main\target\classes started by user in C:\Users\user\Downloads\1107\HomeGym_SpringBoot-main)
2021-11-10 18:46:20,848 INFO org.springframework.boot.SpringApplication [restartedMain] No active profile set, falling back to default profiles: default
2021-11-10 18:46:20,942 INFO org.springframework.boot.logging.DeferredLog [restartedMain] Devtools property defaults active! Set 'spring.devtools.add-properties' to 'false' to disable
2021-11-10 18:46:20,942 INFO org.springframework.boot.logging.DeferredLog [restartedMain] For additional web related logging consider setting the 'logging.level.web' property to 'DEBUG'
2021-11-10 18:46:22,129 INFO org.springframework.data.repository.config.RepositoryConfigurationDelegate [restartedMain] Bootstrapping Spring Data JPA repositories in DEFAULT mode.
2021-11-10 18:46:22,223 INFO org.springframework.data.repository.config.RepositoryConfigurationDelegate [restartedMain] Finished Spring Data repository scanning in 95 ms. Found 3 JPA repository interfaces.
2021-11-10 18:46:22,801 INFO org.springframework.context.support.PostProcessorRegistrationDelegate$BeanPostProcessorChecker [restartedMain] Bean 'org.springframework.security.access.expression.method.DefaultMethodSecurityExpressionHandler@590cf5c9' of type [org.springframework.security.access.expression.method.DefaultMethodSecurityExpressionHandler] is not eligible for getting processed by all BeanPostProcessors (for example: not eligible for auto-proxying)
2021-11-10 18:46:22,816 INFO org.springframework.context.support.PostProcessorRegistrationDelegate$BeanPostProcessorChecker [restartedMain] Bean 'methodSecurityMetadataSource' of type [org.springframework.security.access.method.DelegatingMethodSecurityMetadataSource] is not eligible for getting processed by all BeanPostProcessors (for example: not eligible for auto-proxying)
2021-11-10 18:46:23,223 INFO org.springframework.boot.web.embedded.tomcat.TomcatWebServer [restartedMain] Tomcat initialized with port(s): 8080 (http)
2021-11-10 18:46:23,238 INFO org.apache.juli.logging.DirectJDKLog [restartedMain] Initializing ProtocolHandler ["http-nio-8080"]
2021-11-10 18:46:23,238 INFO org.apache.juli.logging.DirectJDKLog [restartedMain] Starting service [Tomcat]
2021-11-10 18:46:23,238 INFO org.apache.juli.logging.DirectJDKLog [restartedMain] Starting Servlet engine: [Apache Tomcat/9.0.53]
2021-11-10 18:46:23,395 INFO org.apache.juli.logging.DirectJDKLog [restartedMain] Initializing Spring embedded WebApplicationContext
2021-11-10 18:46:23,395 INFO org.springframework.boot.web.servlet.context.ServletWebServerApplicationContext [restartedMain] Root WebApplicationContext: initialization completed in 2453 ms
2021-11-10 18:46:24,129 INFO com.zaxxer.hikari.HikariDataSource [restartedMain] HikariPool-1 - Starting...
2021-11-10 18:46:24,598 INFO com.zaxxer.hikari.HikariDataSource [restartedMain] HikariPool-1 - Start completed.
2021-11-10 18:46:26,176 INFO org.springframework.orm.jpa.AbstractEntityManagerFactoryBean [restartedMain] Initialized JPA EntityManagerFactory for persistence unit 'default'
2021-11-10 18:46:27,129 INFO org.springframework.security.web.DefaultSecurityFilterChain [restartedMain] Will secure any request with [org.springframework.security.web.context.request.async.WebAsyncManagerIntegrationFilter@3bc5d21b, org.springframework.security.web.context.SecurityContextPersistenceFilter@1344e1a2, org.springframework.security.web.header.HeaderWriterFilter@45bd2e2c, org.springframework.security.web.authentication.logout.LogoutFilter@4d063388, edu.ntut.project_01.homegym.filter.JwtRequestFilter@3703c5c6, org.springframework.security.web.savedrequest.RequestCacheAwareFilter@60222d6, org.springframework.security.web.servletapi.SecurityContextHolderAwareRequestFilter@2d0c6e44, org.springframework.security.web.authentication.AnonymousAuthenticationFilter@5f651e3a, org.springframework.security.web.session.SessionManagementFilter@4245ba18, org.springframework.security.web.access.ExceptionTranslationFilter@37179072, org.springframework.security.web.access.intercept.FilterSecurityInterceptor@2589bbfd]
2021-11-10 18:46:27,816 INFO org.springframework.boot.devtools.autoconfigure.OptionalLiveReloadServer [restartedMain] LiveReload server is running on port 35729
2021-11-10 18:46:27,863 INFO org.apache.juli.logging.DirectJDKLog [restartedMain] Starting ProtocolHandler ["http-nio-8080"]
2021-11-10 18:46:27,879 INFO org.springframework.boot.web.embedded.tomcat.TomcatWebServer [restartedMain] Tomcat started on port(s): 8080 (http) with context path ''
2021-11-10 18:46:27,894 INFO org.springframework.boot.StartupInfoLogger [restartedMain] Started HomeGymApplication in 7.895 seconds (JVM running for 11.323)
2021-11-10 18:46:35,689 INFO org.apache.juli.logging.DirectJDKLog [http-nio-8080-exec-1] Initializing Spring DispatcherServlet 'dispatcherServlet'
2021-11-10 18:46:35,690 INFO org.springframework.web.servlet.FrameworkServlet [http-nio-8080-exec-1] Initializing Servlet 'dispatcherServlet'
2021-11-10 18:46:35,691 INFO org.springframework.web.servlet.FrameworkServlet [http-nio-8080-exec-1] Completed initialization in 1 ms
2021-11-10 19:38:44,930 INFO org.springframework.orm.jpa.AbstractEntityManagerFactoryBean [SpringApplicationShutdownHook] Closing JPA EntityManagerFactory for persistence unit 'default'
2021-11-10 19:38:45,076 INFO com.zaxxer.hikari.HikariDataSource [SpringApplicationShutdownHook] HikariPool-1 - Shutdown initiated...
2021-11-10 19:38:45,279 INFO com.zaxxer.hikari.HikariDataSource [SpringApplicationShutdownHook] HikariPool-1 - Shutdown completed.
2021-11-10 19:38:58,394 INFO org.springframework.boot.StartupInfoLogger [restartedMain] Starting HomeGymApplication using Java 11.0.12 on DESKTOP-625TCL5 with PID 14316 (C:\Users\user\Downloads\1107\HomeGym_SpringBoot-main\target\classes started by user in C:\Users\user\Downloads\1107\HomeGym_SpringBoot-main)
2021-11-10 19:38:58,410 INFO org.springframework.boot.SpringApplication [restartedMain] No active profile set, falling back to default profiles: default
2021-11-10 19:38:58,488 INFO org.springframework.boot.logging.DeferredLog [restartedMain] Devtools property defaults active! Set 'spring.devtools.add-properties' to 'false' to disable
2021-11-10 19:38:58,489 INFO org.springframework.boot.logging.DeferredLog [restartedMain] For additional web related logging consider setting the 'logging.level.web' property to 'DEBUG'
2021-11-10 19:38:59,960 INFO org.springframework.data.repository.config.RepositoryConfigurationDelegate [restartedMain] Bootstrapping Spring Data JPA repositories in DEFAULT mode.
2021-11-10 19:39:00,102 INFO org.springframework.data.repository.config.RepositoryConfigurationDelegate [restartedMain] Finished Spring Data repository scanning in 132 ms. Found 3 JPA repository interfaces.
2021-11-10 19:39:00,608 INFO org.springframework.context.support.PostProcessorRegistrationDelegate$BeanPostProcessorChecker [restartedMain] Bean 'org.springframework.security.access.expression.method.DefaultMethodSecurityExpressionHandler@2ec9c794' of type [org.springframework.security.access.expression.method.DefaultMethodSecurityExpressionHandler] is not eligible for getting processed by all BeanPostProcessors (for example: not eligible for auto-proxying)
2021-11-10 19:39:00,614 INFO org.springframework.context.support.PostProcessorRegistrationDelegate$BeanPostProcessorChecker [restartedMain] Bean 'methodSecurityMetadataSource' of type [org.springframework.security.access.method.DelegatingMethodSecurityMetadataSource] is not eligible for getting processed by all BeanPostProcessors (for example: not eligible for auto-proxying)
2021-11-10 19:39:01,040 INFO org.springframework.boot.web.embedded.tomcat.TomcatWebServer [restartedMain] Tomcat initialized with port(s): 8080 (http)
2021-11-10 19:39:01,051 INFO org.apache.juli.logging.DirectJDKLog [restartedMain] Initializing ProtocolHandler ["http-nio-8080"]
2021-11-10 19:39:01,052 INFO org.apache.juli.logging.DirectJDKLog [restartedMain] Starting service [Tomcat]
2021-11-10 19:39:01,053 INFO org.apache.juli.logging.DirectJDKLog [restartedMain] Starting Servlet engine: [Apache Tomcat/9.0.53]
2021-11-10 19:39:01,213 INFO org.apache.juli.logging.DirectJDKLog [restartedMain] Initializing Spring embedded WebApplicationContext
2021-11-10 19:39:01,214 INFO org.springframework.boot.web.servlet.context.ServletWebServerApplicationContext [restartedMain] Root WebApplicationContext: initialization completed in 2723 ms
2021-11-10 19:39:01,942 INFO com.zaxxer.hikari.HikariDataSource [restartedMain] HikariPool-1 - Starting...
2021-11-10 19:39:02,602 INFO com.zaxxer.hikari.HikariDataSource [restartedMain] HikariPool-1 - Start completed.
2021-11-10 19:39:04,421 INFO org.springframework.orm.jpa.AbstractEntityManagerFactoryBean [restartedMain] Initialized JPA EntityManagerFactory for persistence unit 'default'
2021-11-10 19:39:05,637 INFO org.springframework.security.web.DefaultSecurityFilterChain [restartedMain] Will secure any request with [org.springframework.security.web.context.request.async.WebAsyncManagerIntegrationFilter@66de160c, org.springframework.security.web.context.SecurityContextPersistenceFilter@55aefb1e, org.springframework.security.web.header.HeaderWriterFilter@4ea48159, org.springframework.security.web.authentication.logout.LogoutFilter@2d7f270a, edu.ntut.project_01.homegym.filter.JwtRequestFilter@71d3b177, org.springframework.security.web.savedrequest.RequestCacheAwareFilter@346c0822, org.springframework.security.web.servletapi.SecurityContextHolderAwareRequestFilter@4d402971, org.springframework.security.web.authentication.AnonymousAuthenticationFilter@4b99b5a6, org.springframework.security.web.session.SessionManagementFilter@37435fc1, org.springframework.security.web.access.ExceptionTranslationFilter@4cd47ae4, org.springframework.security.web.access.intercept.FilterSecurityInterceptor@55f747d7]
2021-11-10 19:39:06,315 INFO org.springframework.boot.devtools.autoconfigure.OptionalLiveReloadServer [restartedMain] LiveReload server is running on port 35729
2021-11-10 19:39:06,349 INFO org.apache.juli.logging.DirectJDKLog [restartedMain] Starting ProtocolHandler ["http-nio-8080"]
2021-11-10 19:39:06,381 INFO org.springframework.boot.web.embedded.tomcat.TomcatWebServer [restartedMain] Tomcat started on port(s): 8080 (http) with context path ''
2021-11-10 19:39:06,398 INFO org.springframework.boot.StartupInfoLogger [restartedMain] Started HomeGymApplication in 8.624 seconds (JVM running for 12.423)
2021-11-10 19:40:34,324 INFO org.apache.juli.logging.DirectJDKLog [http-nio-8080-exec-1] Initializing Spring DispatcherServlet 'dispatcherServlet'
2021-11-10 19:40:34,324 INFO org.springframework.web.servlet.FrameworkServlet [http-nio-8080-exec-1] Initializing Servlet 'dispatcherServlet'
2021-11-10 19:40:34,327 INFO org.springframework.web.servlet.FrameworkServlet [http-nio-8080-exec-1] Completed initialization in 2 ms
2021-11-10 20:50:51,648 INFO org.springframework.orm.jpa.AbstractEntityManagerFactoryBean [SpringApplicationShutdownHook] Closing JPA EntityManagerFactory for persistence unit 'default'
2021-11-10 20:50:51,742 INFO com.zaxxer.hikari.HikariDataSource [SpringApplicationShutdownHook] HikariPool-1 - Shutdown initiated...
2021-11-10 20:50:51,773 INFO com.zaxxer.hikari.HikariDataSource [SpringApplicationShutdownHook] HikariPool-1 - Shutdown completed.
